<?xml version="1.0" encoding="UTF-8" ?>
<testsuite tests="12" failures="0" name="com.dawud.EnronEmailDataTest" time="4.805" errors="0" skipped="2">
  <properties>
    <property name="java.runtime.name" value="Java(TM) SE Runtime Environment"/>
    <property name="sun.boot.library.path" value="C:\Java\jdk1.8.0_102\jre\bin"/>
    <property name="java.vm.version" value="25.102-b14"/>
    <property name="java.vm.vendor" value="Oracle Corporation"/>
    <property name="maven.multiModuleProjectDirectory" value="C:\Users\dev\Documents\workspace\enron-spark"/>
    <property name="java.vendor.url" value="http://java.oracle.com/"/>
    <property name="path.separator" value=";"/>
    <property name="guice.disable.misplaced.annotation.check" value="true"/>
    <property name="java.vm.name" value="Java HotSpot(TM) 64-Bit Server VM"/>
    <property name="file.encoding.pkg" value="sun.io"/>
    <property name="user.script" value=""/>
    <property name="user.country" value="GB"/>
    <property name="sun.java.launcher" value="SUN_STANDARD"/>
    <property name="sun.os.patch.level" value=""/>
    <property name="java.vm.specification.name" value="Java Virtual Machine Specification"/>
    <property name="user.dir" value="C:\Users\dev\Documents\workspace\enron-spark"/>
    <property name="java.runtime.version" value="1.8.0_102-b14"/>
    <property name="java.awt.graphicsenv" value="sun.awt.Win32GraphicsEnvironment"/>
    <property name="java.endorsed.dirs" value="C:\Java\jdk1.8.0_102\jre\lib\endorsed"/>
    <property name="os.arch" value="amd64"/>
    <property name="java.io.tmpdir" value="C:\Users\dev\AppData\Local\Temp\"/>
    <property name="line.separator" value="
"/>
    <property name="java.vm.specification.vendor" value="Oracle Corporation"/>
    <property name="user.variant" value=""/>
    <property name="os.name" value="Windows 10"/>
    <property name="classworlds.conf" value="C:\apache-maven-3.3.9\bin\..\bin\m2.conf"/>
    <property name="sun.jnu.encoding" value="Cp1252"/>
    <property name="java.library.path" value="C:\Java\jdk1.8.0_102\bin;C:\WINDOWS\Sun\Java\bin;C:\WINDOWS\system32;C:\WINDOWS;C:\ProgramData\Oracle\Java\javapath;c:\Program Files (x86)\Intel\iCLS Client\;c:\Program Files\Intel\iCLS Client\;C:\WINDOWS\system32;C:\WINDOWS;C:\WINDOWS\System32\Wbem;C:\WINDOWS\System32\WindowsPowerShell\v1.0\;C:\Program Files\Intel\WiFi\bin\;C:\Program Files\Common Files\Intel\WirelessCommon\;C:\Program Files (x86)\Intel\Intel(R) Management Engine Components\DAL;C:\Program Files\Intel\Intel(R) Management Engine Components\DAL;C:\Program Files (x86)\Intel\Intel(R) Management Engine Components\IPT;C:\Program Files\Intel\Intel(R) Management Engine Components\IPT;C:\Program Files (x86)\Skype\Phone\;C:\Program Files (x86)\PuTTY\;C:\nodejs\;C:\Program Files\MySQL\MySQL Server 5.7\bin;C:\Program Files\Git\bin;C:\Program Files (x86)\scala\bin;C:\apache-spark-2.0.1\bin;C:\apache-spark-2.0.1\winutils\hadoop-2.7.1\bin;C:\Program Files (x86)\sbt\\bin;C:\apache-maven-3.3.9\bin;C:\Users\dev\AppData\Roaming\npm;C:\Users\dev\AppData\Local\atom\bin;C:\Users\dev\AppData\Local\Microsoft\WindowsApps;C:\Program Files\Docker Toolbox;."/>
    <property name="java.specification.name" value="Java Platform API Specification"/>
    <property name="java.class.version" value="52.0"/>
    <property name="sun.management.compiler" value="HotSpot 64-Bit Tiered Compilers"/>
    <property name="os.version" value="10.0"/>
    <property name="user.home" value="C:\Users\dev"/>
    <property name="user.timezone" value="Europe/London"/>
    <property name="java.awt.printerjob" value="sun.awt.windows.WPrinterJob"/>
    <property name="java.specification.version" value="1.8"/>
    <property name="file.encoding" value="Cp1252"/>
    <property name="user.name" value="dev"/>
    <property name="java.class.path" value="C:\apache-maven-3.3.9\bin\..\boot\plexus-classworlds-2.5.2.jar"/>
    <property name="java.vm.specification.version" value="1.8"/>
    <property name="sun.arch.data.model" value="64"/>
    <property name="java.home" value="C:\Java\jdk1.8.0_102\jre"/>
    <property name="sun.java.command" value="org.codehaus.plexus.classworlds.launcher.Launcher clean install"/>
    <property name="java.specification.vendor" value="Oracle Corporation"/>
    <property name="user.language" value="en"/>
    <property name="awt.toolkit" value="sun.awt.windows.WToolkit"/>
    <property name="java.vm.info" value="mixed mode"/>
    <property name="java.version" value="1.8.0_102"/>
    <property name="java.ext.dirs" value="C:\Java\jdk1.8.0_102\jre\lib\ext;C:\WINDOWS\Sun\Java\lib\ext"/>
    <property name="sun.boot.class.path" value="C:\Java\jdk1.8.0_102\jre\lib\resources.jar;C:\Java\jdk1.8.0_102\jre\lib\rt.jar;C:\Java\jdk1.8.0_102\jre\lib\sunrsasign.jar;C:\Java\jdk1.8.0_102\jre\lib\jsse.jar;C:\Java\jdk1.8.0_102\jre\lib\jce.jar;C:\Java\jdk1.8.0_102\jre\lib\charsets.jar;C:\Java\jdk1.8.0_102\jre\lib\jfr.jar;C:\Java\jdk1.8.0_102\jre\classes"/>
    <property name="sun.stderr.encoding" value="cp850"/>
    <property name="java.vendor" value="Oracle Corporation"/>
    <property name="maven.home" value="C:\apache-maven-3.3.9\bin\.."/>
    <property name="file.separator" value="\"/>
    <property name="java.vendor.url.bug" value="http://bugreport.sun.com/bugreport/"/>
    <property name="sun.cpu.endian" value="little"/>
    <property name="sun.io.unicode.encoding" value="UnicodeLittle"/>
    <property name="sun.stdout.encoding" value="cp850"/>
    <property name="sun.desktop" value="windows"/>
    <property name="sun.cpu.isalist" value="amd64"/>
  </properties>
  <testcase classname="com.dawud.EnronEmailDataTest" name="testAction_getWordCountAttachmentsExclusion" time="3.135"/>
  <testcase classname="com.dawud.EnronEmailDataTest" name="testTransform_extractEmailToAddresses" time="0"/>
  <testcase classname="com.dawud.EnronEmailDataTest" name="testTransform_stripOriginalMessageHead" time="0.006"/>
  <testcase classname="com.dawud.EnronEmailDataTest" name="testActiong_getWordCountNumbersExclusion" time="0"/>
  <testcase classname="com.dawud.EnronEmailDataTest" name="testGetFilteredFileList" time="0">
    <skipped/>
  </testcase>
  <testcase classname="com.dawud.EnronEmailDataTest" name="testAction_getWordCountJunkTextExclusion" time="0"/>
  <testcase classname="com.dawud.EnronEmailDataTest" name="action_GetTop100Emails" time="1.51"/>
  <testcase classname="com.dawud.EnronEmailDataTest" name="testTransform_stripHeaders" time="0"/>
  <testcase classname="com.dawud.EnronEmailDataTest" name="testAction_wordLengthAverage" time="0.148"/>
  <testcase classname="com.dawud.EnronEmailDataTest" name="testTransform_extractEmailCcAddresses" time="0.006"/>
  <testcase classname="com.dawud.EnronEmailDataTest" name="testAction_getWordCount" time="0"/>
  <testcase classname="com.dawud.EnronEmailDataTest" name="testOpenReceivedMessageFolder" time="0">
    <skipped/>
  </testcase>
</testsuite>